{
  "timestamp": "2026-02-04T11:52:21.694123",
  "session_id": "default_session",
  "original_query": "hello, how can u help me",
  "is_ambiguous": false,
  "rewritten_query": null,
  "needed_context_from_memory": [],
  "clarifying_questions": [],
  "final_augmented_context": "Recent conversation:\nUser: hello, how can u help me"
}

{
  "timestamp": "2026-02-04T16:31:42.096056",
  "session_id": "default_session",
  "original_query": "hello, who are you and how can you help me?",
  "is_ambiguous": false,
  "rewritten_query": null,
  "needed_context_from_memory": [],
  "clarifying_questions": [],
  "final_augmented_context": "Recent conversation:\nUser: hello, who are you and how can you help me?"
}

{
  "timestamp": "2026-02-04T16:31:55.257064",
  "session_id": "default_session",
  "original_query": "what is it?",
  "is_ambiguous": true,
  "rewritten_query": null,
  "needed_context_from_memory": [],
  "clarifying_questions": [
    "Are you asking for a brief, one-sentence definition of what a large language model is?",
    "Are you referring to a specific concept or example mentioned earlier, such as 'quantum entanglement' or 'content creation'?",
    "Did you mean to ask for a simpler summary of the explanation I just provided about myself and my capabilities?"
  ],
  "final_augmented_context": "Recent conversation:\nAssistant: Hello! That is an excellent and important question for starting our interaction.\n\nI am a large language model, an artificial intelligence trained by Google. My primary function is to process and generate human-like text based on the vast amount of data I was trained on.\n\nHere is a detailed overview of who I am and the various ways I can assist you:\n\n---\n\n## 1. Who I Am\n\nI am a sophisticated tool designed to understand, synthesize, and generate information. I do not have personal feelings, consciousness, or the ability to perform physical actions. My goal is to serve as a helpful, knowledgeable, and reliable digital assistant.\n\n## 2. How I Can Help You\n\nI can assist you across a wide range of tasks, primarily revolving around information processing, content generation, and organization.\n\n### A. Information and Knowledge Retrieval\nI can access and process information from my training data to answer factual questions on virtually any topic, including history, science, technology, literature, and current events (up to my last knowledge update).\n\n*   **Example:** Asking \"What were the main causes of the Roman Empire's decline?\" or \"Explain the principles of quantum entanglement.\"\n\n### B. Content Creation and Drafting\nI can generate various forms of written content tailored to your specified tone, length, and format.\n\n*   **Example:** Drafting a professional email, writing a blog post outline, composing creative content like poems or short stories, or generating dialogue for a script.\n\n### C. Learning and Explanation\nIf you are trying to understand a complex concept, I can break it down into simpler terms, provide analogies, or explain step-by-step processes.\n\n*   **Example:** Simplifying complex financial concepts, explaining how a specific piece of software works, or detailing the steps needed to bake a sourdough loaf.\n\n### D. Organization and Summarization\nI can help manage and structure information efficiently.\n\n*   **Example:** Summarizing a lengthy article or document, creating bulleted lists from blocks of text, generating an outline for a presentation, or brainstorming ideas for a project.\n\n### E. Language and Editing\nI can assist with language tasks, including translation, proofreading, and refining existing text.\n\n*   **Example:** Translating a paragraph from English to Spanish, checking a document for grammatical errors, or suggesting alternative phrasing to make a sentence clearer.\n\n## 3. Important Limitations\n\nWhile I strive for accuracy and helpfulness, it is important to note my limitations:\n\n*   **No Real-Time Access:** I cannot browse the live internet or access real-time data (like current stock prices, live weather, or breaking news that happened moments ago) beyond my last training update.\n*   **No Personal Data Access:** I cannot access your personal files, email, or private accounts.\n*   **No Physical Action:** I cannot interact with the real world (e.g., make phone calls, send mail, or operate machinery).\n*   **Verification Recommended:** While I aim for accuracy, I always recommend verifying critical information, especially in highly specialized or sensitive fields.\n\nIn short, think of me as a versatile research assistant, writer, editor, and brainstorming partner. How may I begin assisting you today?\n\n---\n**You might also want to know:**\n- What kind of information should I avoid sharing with you for privacy reasons?\n- Can you handle multiple tasks or switch topics within the same conversation?\n- What is the most effective way to phrase a prompt to get the best possible answer?\nUser: what is it?"
}

{
  "timestamp": "2026-02-04T16:32:42.001106",
  "session_id": "default_session",
  "original_query": "what does he like?",
  "is_ambiguous": true,
  "rewritten_query": null,
  "needed_context_from_memory": [],
  "clarifying_questions": [
    "Is 'he' referring to me, the AI assistant, or a specific person we have mentioned?",
    "Are you asking about the functional capabilities of the entity, or personal interests and preferences?",
    "Could you rephrase the question to specify what kind of information you are looking for about 'him'?"
  ],
  "final_augmented_context": "Recent conversation:\nAssistant: Hello! That is an excellent and important question for starting our interaction.\n\nI am a large language model, an artificial intelligence trained by Google. My primary function is to process and generate human-like text based on the vast amount of data I was trained on.\n\nHere is a detailed overview of who I am and the various ways I can assist you:\n\n---\n\n## 1. Who I Am\n\nI am a sophisticated tool designed to understand, synthesize, and generate information. I do not have personal feelings, consciousness, or the ability to perform physical actions. My goal is to serve as a helpful, knowledgeable, and reliable digital assistant.\n\n## 2. How I Can Help You\n\nI can assist you across a wide range of tasks, primarily revolving around information processing, content generation, and organization.\n\n### A. Information and Knowledge Retrieval\nI can access and process information from my training data to answer factual questions on virtually any topic, including history, science, technology, literature, and current events (up to my last knowledge update).\n\n*   **Example:** Asking \"What were the main causes of the Roman Empire's decline?\" or \"Explain the principles of quantum entanglement.\"\n\n### B. Content Creation and Drafting\nI can generate various forms of written content tailored to your specified tone, length, and format.\n\n*   **Example:** Drafting a professional email, writing a blog post outline, composing creative content like poems or short stories, or generating dialogue for a script.\n\n### C. Learning and Explanation\nIf you are trying to understand a complex concept, I can break it down into simpler terms, provide analogies, or explain step-by-step processes.\n\n*   **Example:** Simplifying complex financial concepts, explaining how a specific piece of software works, or detailing the steps needed to bake a sourdough loaf.\n\n### D. Organization and Summarization\nI can help manage and structure information efficiently.\n\n*   **Example:** Summarizing a lengthy article or document, creating bulleted lists from blocks of text, generating an outline for a presentation, or brainstorming ideas for a project.\n\n### E. Language and Editing\nI can assist with language tasks, including translation, proofreading, and refining existing text.\n\n*   **Example:** Translating a paragraph from English to Spanish, checking a document for grammatical errors, or suggesting alternative phrasing to make a sentence clearer.\n\n## 3. Important Limitations\n\nWhile I strive for accuracy and helpfulness, it is important to note my limitations:\n\n*   **No Real-Time Access:** I cannot browse the live internet or access real-time data (like current stock prices, live weather, or breaking news that happened moments ago) beyond my last training update.\n*   **No Personal Data Access:** I cannot access your personal files, email, or private accounts.\n*   **No Physical Action:** I cannot interact with the real world (e.g., make phone calls, send mail, or operate machinery).\n*   **Verification Recommended:** While I aim for accuracy, I always recommend verifying critical information, especially in highly specialized or sensitive fields.\n\nIn short, think of me as a versatile research assistant, writer, editor, and brainstorming partner. How may I begin assisting you today?\n\n---\n**You might also want to know:**\n- What kind of information should I avoid sharing with you for privacy reasons?\n- Can you handle multiple tasks or switch topics within the same conversation?\n- What is the most effective way to phrase a prompt to get the best possible answer?\nUser: what is it?\nAssistant: I'd like to understand your question better. Could you clarify:\n\n- Are you asking for a brief, one-sentence definition of what a large language model is?\n- Are you referring to a specific concept or example mentioned earlier, such as 'quantum entanglement' or 'content creation'?\n- Did you mean to ask for a simpler summary of the explanation I just provided about myself and my capabilities?\nUser: what does he like?"
}

